Mar 01 20:44:37 ubuntu warning: deprecated API usage detected
Mar 01 20:44:37 ubuntu error: failed to initialize device
Mar 01 20:44:37 ubuntu systemd[1]: Started Session 3.
Mar 01 20:44:37 ubuntu error: failed to initialize device
Mar 01 20:44:37 ubuntu systemd[1]: Started Session 3.
Mar 01 20:44:37 ubuntu CRITICAL: kernel panic detected
Mar 01 20:44:37 ubuntu warning: deprecated API usage detected
Mar 01 20:44:37 ubuntu systemd[1]: Started Session 3.
Mar 01 20:44:37 ubuntu systemd[1]: Started Session 3.
Mar 01 20:44:37 ubuntu error: failed to initialize device
Mar 01 20:44:37 ubuntu systemd[1]: Started Session 3.
Mar 01 20:44:37 ubuntu systemd[1]: Started Session 3.
Mar 01 20:44:37 ubuntu systemd[1]: Started Session 3.
Mar 01 20:44:37 ubuntu systemd[1]: Started Session 3.
Mar 01 20:44:37 ubuntu systemd[1]: Started Session 3.
Mar 01 20:44:37 ubuntu warning: deprecated API usage detected
Mar 01 20:44:37 ubuntu systemd[1]: Started Session 3.
Mar 01 20:44:37 ubuntu systemd[1]: Started Session 3.
Mar 01 20:44:37 ubuntu systemd[1]: Started Session 3.
Mar 01 20:44:37 ubuntu error: failed to initialize device
Mar 01 20:44:37 ubuntu warning: deprecated API usage detected
Mar 01 20:44:37 ubuntu systemd[1]: Started Session 3.
Mar 01 20:44:37 ubuntu CRITICAL: kernel panic detected
Mar 01 20:44:37 ubuntu systemd[1]: Started Session 3.
Mar 01 20:44:37 ubuntu warning: deprecated API usage detected
Mar 01 20:44:37 ubuntu error: failed to initialize device
Mar 01 20:44:37 ubuntu CRITICAL: kernel panic detected
Mar 01 20:44:37 ubuntu systemd[1]: Started Session 3.
Mar 01 20:44:37 ubuntu error: failed to initialize device
Mar 01 20:44:37 ubuntu systemd[1]: Started Session 3.
Mar 01 20:44:37 ubuntu warning: deprecated API usage detected
Mar 01 20:44:37 ubuntu systemd[1]: Started Session 3.
Mar 01 20:44:38 ubuntu systemd[1]: Started Session 3.
Mar 01 20:44:38 ubuntu systemd[1]: Started Session 3.
Mar 01 20:44:38 ubuntu systemd[1]: Started Session 3.
Mar 01 20:44:38 ubuntu systemd[1]: Started Session 3.
Mar 01 20:44:38 ubuntu systemd[1]: Started Session 3.
Mar 01 20:44:38 ubuntu warning: deprecated API usage detected
Mar 01 20:44:38 ubuntu warning: deprecated API usage detected
Mar 01 20:44:38 ubuntu systemd[1]: Started Session 3.
Mar 01 20:44:38 ubuntu systemd[1]: Started Session 3.
Mar 01 20:44:38 ubuntu systemd[1]: Started Session 3.
Mar 01 20:44:38 ubuntu systemd[1]: Started Session 3.
Mar 01 20:44:38 ubuntu systemd[1]: Started Session 3.
Mar 01 20:44:38 ubuntu systemd[1]: Started Session 3.
Mar 01 20:44:38 ubuntu error: failed to initialize device
Mar 01 20:44:38 ubuntu error: failed to initialize device
Mar 01 20:44:38 ubuntu systemd[1]: Started Session 3.
Mar 01 20:44:38 ubuntu warning: deprecated API usage detected
Mar 01 20:44:38 ubuntu warning: deprecated API usage detected
Mar 01 20:44:38 ubuntu systemd[1]: Started Session 3.
Mar 01 20:44:38 ubuntu systemd[1]: Started Session 3.
Mar 01 20:44:38 ubuntu systemd[1]: Started Session 3.
Mar 01 20:44:38 ubuntu warning: deprecated API usage detected
Mar 01 20:44:38 ubuntu systemd[1]: Started Session 3.
Mar 01 20:44:38 ubuntu systemd[1]: Started Session 3.
Mar 01 20:44:38 ubuntu warning: deprecated API usage detected
Mar 01 20:44:38 ubuntu systemd[1]: Started Session 3.
Mar 01 20:44:38 ubuntu warning: deprecated API usage detected
Mar 01 20:44:38 ubuntu systemd[1]: Started Session 3.
Mar 01 20:44:38 ubuntu systemd[1]: Started Session 3.
Mar 01 20:44:38 ubuntu error: failed to initialize device
Mar 01 20:44:38 ubuntu error: failed to initialize device
Mar 01 20:44:38 ubuntu error: failed to initialize device
Mar 01 20:44:38 ubuntu systemd[1]: Started Session 3.
Mar 01 20:44:38 ubuntu CRITICAL: kernel panic detected
Mar 01 20:44:38 ubuntu error: failed to initialize device
Mar 01 20:44:38 ubuntu systemd[1]: Started Session 3.
Mar 01 20:44:38 ubuntu systemd[1]: Started Session 3.
Mar 01 20:44:38 ubuntu warning: deprecated API usage detected
Mar 01 20:44:38 ubuntu CRITICAL: kernel panic detected
Mar 01 20:44:38 ubuntu systemd[1]: Started Session 3.
Mar 01 20:44:38 ubuntu error: failed to initialize device
Mar 01 20:44:38 ubuntu systemd[1]: Started Session 3.
Mar 01 20:44:38 ubuntu warning: deprecated API usage detected
Mar 01 20:44:38 ubuntu warning: deprecated API usage detected
Mar 01 20:44:38 ubuntu systemd[1]: Started Session 3.
Mar 01 20:44:38 ubuntu systemd[1]: Started Session 3.
Mar 01 20:44:38 ubuntu CRITICAL: kernel panic detected
Mar 01 20:44:38 ubuntu systemd[1]: Started Session 3.
Mar 01 20:44:39 ubuntu systemd[1]: Started Session 3.
Mar 01 20:44:39 ubuntu error: failed to initialize device
Mar 01 20:44:39 ubuntu systemd[1]: Started Session 3.
Mar 01 20:44:39 ubuntu systemd[1]: Started Session 3.
Mar 01 20:44:39 ubuntu systemd[1]: Started Session 3.
Mar 01 20:44:39 ubuntu warning: deprecated API usage detected
Mar 01 20:44:39 ubuntu systemd[1]: Started Session 3.
Mar 01 20:44:39 ubuntu warning: deprecated API usage detected
Mar 01 20:44:39 ubuntu systemd[1]: Started Session 3.
Mar 01 20:44:39 ubuntu systemd[1]: Started Session 3.
Mar 01 20:44:39 ubuntu systemd[1]: Started Session 3.
Mar 01 20:44:39 ubuntu systemd[1]: Started Session 3.
Mar 01 20:44:39 ubuntu CRITICAL: kernel panic detected
Mar 01 20:44:39 ubuntu systemd[1]: Started Session 3.
Mar 01 20:44:39 ubuntu systemd[1]: Started Session 3.
Mar 01 20:44:39 ubuntu systemd[1]: Started Session 3.
Mar 01 20:44:39 ubuntu error: failed to initialize device
Mar 01 20:44:39 ubuntu systemd[1]: Started Session 3.
Mar 01 20:44:39 ubuntu error: failed to initialize device
Mar 01 20:44:39 ubuntu warning: deprecated API usage detected
Mar 01 20:44:39 ubuntu systemd[1]: Started Session 3.
Mar 01 20:44:39 ubuntu systemd[1]: Started Session 3.
Mar 01 20:44:39 ubuntu systemd[1]: Started Session 3.
Mar 01 20:44:39 ubuntu warning: deprecated API usage detected
Mar 01 20:44:39 ubuntu systemd[1]: Started Session 3.
Mar 01 20:44:39 ubuntu systemd[1]: Started Session 3.
Mar 01 20:44:39 ubuntu systemd[1]: Started Session 3.
Mar 01 20:44:39 ubuntu systemd[1]: Started Session 3.
Mar 01 20:44:39 ubuntu warning: deprecated API usage detected
Mar 01 20:44:39 ubuntu systemd[1]: Started Session 3.
Mar 01 20:44:39 ubuntu warning: deprecated API usage detected
Mar 01 20:44:39 ubuntu systemd[1]: Started Session 3.
Mar 01 20:44:39 ubuntu systemd[1]: Started Session 3.
Mar 01 20:44:39 ubuntu error: failed to initialize device
Mar 01 20:44:39 ubuntu systemd[1]: Started Session 3.
Mar 01 20:44:39 ubuntu systemd[1]: Started Session 3.
Mar 01 20:44:39 ubuntu CRITICAL: kernel panic detected
Mar 01 20:44:39 ubuntu warning: deprecated API usage detected
Mar 01 20:44:39 ubuntu systemd[1]: Started Session 3.
Mar 01 20:44:39 ubuntu systemd[1]: Started Session 3.
Mar 01 20:44:39 ubuntu systemd[1]: Started Session 3.
Mar 01 20:44:39 ubuntu systemd[1]: Started Session 3.
Mar 01 20:44:39 ubuntu systemd[1]: Started Session 3.
Mar 01 20:44:39 ubuntu systemd[1]: Started Session 3.
Mar 01 20:44:39 ubuntu systemd[1]: Started Session 3.
Mar 01 20:44:39 ubuntu systemd[1]: Started Session 3.
Mar 01 20:44:39 ubuntu systemd[1]: Started Session 3.
Mar 01 20:44:40 ubuntu error: failed to initialize device
Mar 01 20:44:40 ubuntu systemd[1]: Started Session 3.
Mar 01 20:44:40 ubuntu systemd[1]: Started Session 3.
Mar 01 20:44:40 ubuntu systemd[1]: Started Session 3.
Mar 01 20:44:40 ubuntu error: failed to initialize device
Mar 01 20:44:40 ubuntu systemd[1]: Started Session 3.
Mar 01 20:44:40 ubuntu CRITICAL: kernel panic detected
Mar 01 20:44:40 ubuntu error: failed to initialize device
Mar 01 20:44:40 ubuntu error: failed to initialize device
Mar 01 20:44:40 ubuntu systemd[1]: Started Session 3.
Mar 01 20:44:40 ubuntu systemd[1]: Started Session 3.
Mar 01 20:44:40 ubuntu CRITICAL: kernel panic detected
Mar 01 20:44:40 ubuntu warning: deprecated API usage detected
Mar 01 20:44:40 ubuntu warning: deprecated API usage detected
Mar 01 20:44:40 ubuntu systemd[1]: Started Session 3.
Mar 01 20:44:40 ubuntu error: failed to initialize device
Mar 01 20:44:40 ubuntu systemd[1]: Started Session 3.
Mar 01 20:44:40 ubuntu error: failed to initialize device
Mar 01 20:44:40 ubuntu systemd[1]: Started Session 3.
Mar 01 20:44:40 ubuntu error: failed to initialize device
Mar 01 20:44:40 ubuntu systemd[1]: Started Session 3.
Mar 01 20:44:40 ubuntu error: failed to initialize device
Mar 01 20:44:40 ubuntu systemd[1]: Started Session 3.
Mar 01 20:44:40 ubuntu error: failed to initialize device
Mar 01 20:44:40 ubuntu systemd[1]: Started Session 3.
Mar 01 20:44:40 ubuntu CRITICAL: kernel panic detected
Mar 01 20:44:40 ubuntu CRITICAL: kernel panic detected
Mar 01 20:44:40 ubuntu systemd[1]: Started Session 3.
Mar 01 20:44:40 ubuntu systemd[1]: Started Session 3.
Mar 01 20:44:40 ubuntu systemd[1]: Started Session 3.
Mar 01 20:44:40 ubuntu systemd[1]: Started Session 3.
Mar 01 20:44:40 ubuntu systemd[1]: Started Session 3.
Mar 01 20:44:40 ubuntu systemd[1]: Started Session 3.
Mar 01 20:44:40 ubuntu systemd[1]: Started Session 3.
Mar 01 20:44:40 ubuntu systemd[1]: Started Session 3.
Mar 01 20:44:40 ubuntu systemd[1]: Started Session 3.
Mar 01 20:44:40 ubuntu systemd[1]: Started Session 3.
Mar 01 20:44:40 ubuntu error: failed to initialize device
Mar 01 20:44:40 ubuntu systemd[1]: Started Session 3.
Mar 01 20:44:40 ubuntu systemd[1]: Started Session 3.
Mar 01 20:44:40 ubuntu systemd[1]: Started Session 3.
Mar 01 20:44:40 ubuntu error: failed to initialize device
Mar 01 20:44:40 ubuntu systemd[1]: Started Session 3.
Mar 01 20:44:40 ubuntu warning: deprecated API usage detected
Mar 01 20:44:40 ubuntu warning: deprecated API usage detected
Mar 01 20:44:40 ubuntu systemd[1]: Started Session 3.
Mar 01 20:44:40 ubuntu systemd[1]: Started Session 3.
Mar 01 20:44:41 ubuntu warning: deprecated API usage detected
Mar 01 20:44:41 ubuntu systemd[1]: Started Session 3.
Mar 01 20:44:41 ubuntu systemd[1]: Started Session 3.
Mar 01 20:44:41 ubuntu systemd[1]: Started Session 3.
Mar 01 20:44:41 ubuntu warning: deprecated API usage detected
Mar 01 20:44:41 ubuntu systemd[1]: Started Session 3.
Mar 01 20:44:41 ubuntu systemd[1]: Started Session 3.
Mar 01 20:44:41 ubuntu error: failed to initialize device
Mar 01 20:44:41 ubuntu systemd[1]: Started Session 3.
Mar 01 20:44:41 ubuntu warning: deprecated API usage detected
Mar 01 20:44:41 ubuntu CRITICAL: kernel panic detected
Mar 01 20:44:41 ubuntu systemd[1]: Started Session 3.
Mar 01 20:44:41 ubuntu systemd[1]: Started Session 3.
Mar 01 20:44:41 ubuntu error: failed to initialize device
Mar 01 20:44:41 ubuntu systemd[1]: Started Session 3.
Mar 01 20:44:41 ubuntu error: failed to initialize device
Mar 01 20:44:41 ubuntu systemd[1]: Started Session 3.
Mar 01 20:44:41 ubuntu error: failed to initialize device
Mar 01 20:44:41 ubuntu systemd[1]: Started Session 3.
Mar 01 20:44:41 ubuntu systemd[1]: Started Session 3.
Mar 01 20:44:41 ubuntu systemd[1]: Started Session 3.
Mar 01 20:44:41 ubuntu systemd[1]: Started Session 3.
Mar 01 20:44:41 ubuntu systemd[1]: Started Session 3.
Mar 01 20:44:41 ubuntu systemd[1]: Started Session 3.
Mar 01 20:44:41 ubuntu warning: deprecated API usage detected
Mar 01 20:44:41 ubuntu error: failed to initialize device
Mar 01 20:44:41 ubuntu warning: deprecated API usage detected
Mar 01 20:44:41 ubuntu error: failed to initialize device
Mar 01 20:44:41 ubuntu CRITICAL: kernel panic detected
Mar 01 20:44:41 ubuntu warning: deprecated API usage detected
Mar 01 20:44:41 ubuntu systemd[1]: Started Session 3.
Mar 01 20:44:41 ubuntu warning: deprecated API usage detected
Mar 01 20:44:41 ubuntu systemd[1]: Started Session 3.
Mar 01 20:44:41 ubuntu warning: deprecated API usage detected
Mar 01 20:44:41 ubuntu warning: deprecated API usage detected
Mar 01 20:44:41 ubuntu systemd[1]: Started Session 3.
Mar 01 20:44:41 ubuntu systemd[1]: Started Session 3.
Mar 01 20:44:41 ubuntu systemd[1]: Started Session 3.
Mar 01 20:44:41 ubuntu systemd[1]: Started Session 3.
Mar 01 20:44:41 ubuntu systemd[1]: Started Session 3.
Mar 01 20:44:41 ubuntu error: failed to initialize device
Mar 01 20:44:41 ubuntu systemd[1]: Started Session 3.
Mar 01 20:44:41 ubuntu warning: deprecated API usage detected
Mar 01 20:44:41 ubuntu systemd[1]: Started Session 3.
Mar 01 20:44:41 ubuntu warning: deprecated API usage detected
Mar 01 20:44:41 ubuntu systemd[1]: Started Session 3.
Mar 01 20:44:42 ubuntu warning: deprecated API usage detected
Mar 01 20:44:42 ubuntu error: failed to initialize device
Mar 01 20:44:42 ubuntu systemd[1]: Started Session 3.
Mar 01 20:44:42 ubuntu systemd[1]: Started Session 3.
Mar 01 20:44:42 ubuntu systemd[1]: Started Session 3.
Mar 01 20:44:42 ubuntu systemd[1]: Started Session 3.
Mar 01 20:44:42 ubuntu systemd[1]: Started Session 3.
Mar 01 20:44:42 ubuntu error: failed to initialize device
Mar 01 20:44:42 ubuntu systemd[1]: Started Session 3.
Mar 01 20:44:42 ubuntu systemd[1]: Started Session 3.
Mar 01 20:44:42 ubuntu systemd[1]: Started Session 3.
Mar 01 20:44:42 ubuntu systemd[1]: Started Session 3.
Mar 01 20:44:42 ubuntu CRITICAL: kernel panic detected
Mar 01 20:44:42 ubuntu error: failed to initialize device
Mar 01 20:44:42 ubuntu systemd[1]: Started Session 3.
Mar 01 20:44:42 ubuntu CRITICAL: kernel panic detected
Mar 01 20:44:42 ubuntu systemd[1]: Started Session 3.
Mar 01 20:44:42 ubuntu warning: deprecated API usage detected
Mar 01 20:44:42 ubuntu systemd[1]: Started Session 3.
Mar 01 20:44:42 ubuntu systemd[1]: Started Session 3.
Mar 01 20:44:42 ubuntu warning: deprecated API usage detected
Mar 01 20:44:42 ubuntu warning: deprecated API usage detected
Mar 01 20:44:42 ubuntu systemd[1]: Started Session 3.
Mar 01 20:44:42 ubuntu systemd[1]: Started Session 3.
Mar 01 20:44:42 ubuntu warning: deprecated API usage detected
Mar 01 20:44:42 ubuntu error: failed to initialize device
Mar 01 20:44:42 ubuntu systemd[1]: Started Session 3.
Mar 01 20:44:42 ubuntu error: failed to initialize device
Mar 01 20:44:42 ubuntu systemd[1]: Started Session 3.
Mar 01 20:44:42 ubuntu error: failed to initialize device
Mar 01 20:44:42 ubuntu CRITICAL: kernel panic detected
Mar 01 20:44:42 ubuntu systemd[1]: Started Session 3.
Mar 01 20:44:42 ubuntu warning: deprecated API usage detected
Mar 01 20:44:42 ubuntu systemd[1]: Started Session 3.
Mar 01 20:44:42 ubuntu systemd[1]: Started Session 3.
Mar 01 20:44:42 ubuntu error: failed to initialize device
Mar 01 20:44:42 ubuntu error: failed to initialize device
Mar 01 20:44:42 ubuntu systemd[1]: Started Session 3.
Mar 01 20:44:42 ubuntu systemd[1]: Started Session 3.
Mar 01 20:44:42 ubuntu error: failed to initialize device
Mar 01 20:44:42 ubuntu warning: deprecated API usage detected
Mar 01 20:44:42 ubuntu systemd[1]: Started Session 3.
Mar 01 20:44:42 ubuntu CRITICAL: kernel panic detected
Mar 01 20:44:42 ubuntu systemd[1]: Started Session 3.
Mar 01 20:44:43 ubuntu error: failed to initialize device
Mar 01 20:44:43 ubuntu systemd[1]: Started Session 3.
Mar 01 20:44:43 ubuntu error: failed to initialize device
Mar 01 20:44:43 ubuntu systemd[1]: Started Session 3.
Mar 01 20:44:43 ubuntu systemd[1]: Started Session 3.
Mar 01 20:44:43 ubuntu systemd[1]: Started Session 3.
Mar 01 20:44:43 ubuntu systemd[1]: Started Session 3.
Mar 01 20:44:43 ubuntu systemd[1]: Started Session 3.
Mar 01 20:44:43 ubuntu systemd[1]: Started Session 3.
Mar 01 20:44:43 ubuntu error: failed to initialize device
Mar 01 20:44:43 ubuntu error: failed to initialize device
Mar 01 20:44:43 ubuntu systemd[1]: Started Session 3.
Mar 01 20:44:43 ubuntu systemd[1]: Started Session 3.
Mar 01 20:44:43 ubuntu warning: deprecated API usage detected
Mar 01 20:44:43 ubuntu error: failed to initialize device
Mar 01 20:44:43 ubuntu warning: deprecated API usage detected
Mar 01 20:44:43 ubuntu systemd[1]: Started Session 3.
Mar 01 20:44:43 ubuntu systemd[1]: Started Session 3.
Mar 01 20:44:43 ubuntu systemd[1]: Started Session 3.
Mar 01 20:44:43 ubuntu warning: deprecated API usage detected
Mar 01 20:44:43 ubuntu warning: deprecated API usage detected
Mar 01 20:44:43 ubuntu systemd[1]: Started Session 3.
Mar 01 20:44:43 ubuntu warning: deprecated API usage detected
Mar 01 20:44:43 ubuntu error: failed to initialize device
Mar 01 20:44:43 ubuntu warning: deprecated API usage detected
Mar 01 20:44:43 ubuntu error: failed to initialize device
Mar 01 20:44:43 ubuntu systemd[1]: Started Session 3.
Mar 01 20:44:43 ubuntu systemd[1]: Started Session 3.
Mar 01 20:44:43 ubuntu systemd[1]: Started Session 3.
Mar 01 20:44:43 ubuntu systemd[1]: Started Session 3.
Mar 01 20:44:43 ubuntu systemd[1]: Started Session 3.
Mar 01 20:44:43 ubuntu systemd[1]: Started Session 3.
Mar 01 20:44:43 ubuntu systemd[1]: Started Session 3.
Mar 01 20:44:43 ubuntu systemd[1]: Started Session 3.
Mar 01 20:44:43 ubuntu systemd[1]: Started Session 3.
Mar 01 20:44:43 ubuntu warning: deprecated API usage detected
Mar 01 20:44:43 ubuntu warning: deprecated API usage detected
Mar 01 20:44:43 ubuntu systemd[1]: Started Session 3.
Mar 01 20:44:43 ubuntu error: failed to initialize device
Mar 01 20:44:43 ubuntu warning: deprecated API usage detected
Mar 01 20:44:44 ubuntu systemd[1]: Started Session 3.
Mar 01 20:44:44 ubuntu error: failed to initialize device
Mar 01 20:44:44 ubuntu systemd[1]: Started Session 3.
Mar 01 20:44:44 ubuntu systemd[1]: Started Session 3.
Mar 01 20:44:44 ubuntu systemd[1]: Started Session 3.
Mar 01 20:44:44 ubuntu systemd[1]: Started Session 3.
Mar 01 20:44:44 ubuntu systemd[1]: Started Session 3.
Mar 01 20:44:44 ubuntu error: failed to initialize device
Mar 01 20:44:44 ubuntu systemd[1]: Started Session 3.
Mar 01 20:44:44 ubuntu systemd[1]: Started Session 3.
Mar 01 20:44:44 ubuntu warning: deprecated API usage detected
Mar 01 20:44:44 ubuntu systemd[1]: Started Session 3.
Mar 01 20:44:44 ubuntu warning: deprecated API usage detected
Mar 01 20:44:44 ubuntu warning: deprecated API usage detected
Mar 01 20:44:44 ubuntu warning: deprecated API usage detected
Mar 01 20:44:44 ubuntu systemd[1]: Started Session 3.
Mar 01 20:44:44 ubuntu warning: deprecated API usage detected
Mar 01 20:44:44 ubuntu error: failed to initialize device
Mar 01 20:44:44 ubuntu systemd[1]: Started Session 3.
Mar 01 20:44:44 ubuntu systemd[1]: Started Session 3.
Mar 01 20:44:44 ubuntu error: failed to initialize device
Mar 01 20:44:44 ubuntu systemd[1]: Started Session 3.
Mar 01 20:44:44 ubuntu warning: deprecated API usage detected
Mar 01 20:44:44 ubuntu error: failed to initialize device
Mar 01 20:44:44 ubuntu systemd[1]: Started Session 3.
Mar 01 20:44:44 ubuntu systemd[1]: Started Session 3.
Mar 01 20:44:44 ubuntu CRITICAL: kernel panic detected
Mar 01 20:44:44 ubuntu systemd[1]: Started Session 3.
Mar 01 20:44:44 ubuntu systemd[1]: Started Session 3.
Mar 01 20:44:44 ubuntu systemd[1]: Started Session 3.
Mar 01 20:44:44 ubuntu systemd[1]: Started Session 3.
Mar 01 20:44:44 ubuntu CRITICAL: kernel panic detected
Mar 01 20:44:44 ubuntu systemd[1]: Started Session 3.
Mar 01 20:44:44 ubuntu systemd[1]: Started Session 3.
Mar 01 20:44:44 ubuntu CRITICAL: kernel panic detected
Mar 01 20:44:44 ubuntu systemd[1]: Started Session 3.
Mar 01 20:44:44 ubuntu systemd[1]: Started Session 3.
Mar 01 20:44:44 ubuntu systemd[1]: Started Session 3.
Mar 01 20:44:44 ubuntu systemd[1]: Started Session 3.
Mar 01 20:44:44 ubuntu systemd[1]: Started Session 3.
Mar 01 20:44:44 ubuntu systemd[1]: Started Session 3.
Mar 01 20:44:44 ubuntu systemd[1]: Started Session 3.
Mar 01 20:44:44 ubuntu error: failed to initialize device
Mar 01 20:44:44 ubuntu error: failed to initialize device
Mar 01 20:44:44 ubuntu systemd[1]: Started Session 3.
Mar 01 20:44:44 ubuntu systemd[1]: Started Session 3.
Mar 01 20:44:44 ubuntu systemd[1]: Started Session 3.
Mar 01 20:44:44 ubuntu warning: deprecated API usage detected
Mar 01 20:44:45 ubuntu error: failed to initialize device
Mar 01 20:44:45 ubuntu CRITICAL: kernel panic detected
Mar 01 20:44:45 ubuntu systemd[1]: Started Session 3.
Mar 01 20:44:45 ubuntu systemd[1]: Started Session 3.
Mar 01 20:44:45 ubuntu systemd[1]: Started Session 3.
Mar 01 20:44:45 ubuntu systemd[1]: Started Session 3.
Mar 01 20:44:45 ubuntu warning: deprecated API usage detected
Mar 01 20:44:45 ubuntu systemd[1]: Started Session 3.
Mar 01 20:44:45 ubuntu CRITICAL: kernel panic detected
Mar 01 20:44:45 ubuntu error: failed to initialize device
Mar 01 20:44:45 ubuntu systemd[1]: Started Session 3.
Mar 01 20:44:45 ubuntu systemd[1]: Started Session 3.
Mar 01 20:44:45 ubuntu systemd[1]: Started Session 3.
Mar 01 20:44:45 ubuntu systemd[1]: Started Session 3.
Mar 01 20:44:45 ubuntu systemd[1]: Started Session 3.
Mar 01 20:44:45 ubuntu systemd[1]: Started Session 3.
Mar 01 20:44:45 ubuntu warning: deprecated API usage detected
Mar 01 20:44:45 ubuntu systemd[1]: Started Session 3.
Mar 01 20:44:45 ubuntu warning: deprecated API usage detected
Mar 01 20:44:45 ubuntu systemd[1]: Started Session 3.
Mar 01 20:44:45 ubuntu systemd[1]: Started Session 3.
Mar 01 20:44:45 ubuntu CRITICAL: kernel panic detected
Mar 01 20:44:45 ubuntu systemd[1]: Started Session 3.
Mar 01 20:44:45 ubuntu CRITICAL: kernel panic detected
Mar 01 20:44:45 ubuntu systemd[1]: Started Session 3.
Mar 01 20:44:45 ubuntu systemd[1]: Started Session 3.
Mar 01 20:44:45 ubuntu CRITICAL: kernel panic detected
Mar 01 20:44:45 ubuntu CRITICAL: kernel panic detected
Mar 01 20:44:45 ubuntu systemd[1]: Started Session 3.
Mar 01 20:44:45 ubuntu systemd[1]: Started Session 3.
Mar 01 20:44:45 ubuntu systemd[1]: Started Session 3.
Mar 01 20:44:45 ubuntu systemd[1]: Started Session 3.
Mar 01 20:44:45 ubuntu systemd[1]: Started Session 3.
Mar 01 20:44:45 ubuntu error: failed to initialize device
Mar 01 20:44:45 ubuntu systemd[1]: Started Session 3.
Mar 01 20:44:45 ubuntu systemd[1]: Started Session 3.
Mar 01 20:44:45 ubuntu warning: deprecated API usage detected
Mar 01 20:44:45 ubuntu systemd[1]: Started Session 3.
Mar 01 20:44:45 ubuntu systemd[1]: Started Session 3.
Mar 01 20:44:45 ubuntu warning: deprecated API usage detected
Mar 01 20:44:45 ubuntu warning: deprecated API usage detected
Mar 01 20:44:45 ubuntu warning: deprecated API usage detected
Mar 01 20:44:45 ubuntu CRITICAL: kernel panic detected
Mar 01 20:44:45 ubuntu systemd[1]: Started Session 3.
Mar 01 20:44:45 ubuntu systemd[1]: Started Session 3.
Mar 01 20:44:45 ubuntu warning: deprecated API usage detected
Mar 01 20:44:45 ubuntu warning: deprecated API usage detected
Mar 01 20:44:46 ubuntu systemd[1]: Started Session 3.
Mar 01 20:44:46 ubuntu systemd[1]: Started Session 3.
Mar 01 20:44:46 ubuntu systemd[1]: Started Session 3.
Mar 01 20:44:46 ubuntu error: failed to initialize device
Mar 01 20:44:46 ubuntu systemd[1]: Started Session 3.
Mar 01 20:44:46 ubuntu systemd[1]: Started Session 3.
Mar 01 20:44:46 ubuntu systemd[1]: Started Session 3.
Mar 01 20:44:46 ubuntu systemd[1]: Started Session 3.
Mar 01 20:44:46 ubuntu systemd[1]: Started Session 3.
Mar 01 20:44:46 ubuntu error: failed to initialize device
Mar 01 20:44:46 ubuntu systemd[1]: Started Session 3.
Mar 01 20:44:46 ubuntu error: failed to initialize device
Mar 01 20:44:46 ubuntu systemd[1]: Started Session 3.
Mar 01 20:44:46 ubuntu warning: deprecated API usage detected
Mar 01 20:44:46 ubuntu systemd[1]: Started Session 3.
Mar 01 20:44:46 ubuntu warning: deprecated API usage detected
Mar 01 20:44:46 ubuntu systemd[1]: Started Session 3.
Mar 01 20:44:46 ubuntu error: failed to initialize device
Mar 01 20:44:46 ubuntu error: failed to initialize device
Mar 01 20:44:46 ubuntu systemd[1]: Started Session 3.
Mar 01 20:44:46 ubuntu error: failed to initialize device
Mar 01 20:44:46 ubuntu systemd[1]: Started Session 3.
Mar 01 20:44:46 ubuntu systemd[1]: Started Session 3.
Mar 01 20:44:46 ubuntu systemd[1]: Started Session 3.
Mar 01 20:44:46 ubuntu systemd[1]: Started Session 3.
Mar 01 20:44:46 ubuntu warning: deprecated API usage detected
Mar 01 20:44:46 ubuntu systemd[1]: Started Session 3.
Mar 01 20:44:46 ubuntu CRITICAL: kernel panic detected
Mar 01 20:44:46 ubuntu systemd[1]: Started Session 3.
Mar 01 20:44:46 ubuntu systemd[1]: Started Session 3.
Mar 01 20:44:46 ubuntu error: failed to initialize device
Mar 01 20:44:46 ubuntu warning: deprecated API usage detected
Mar 01 20:44:46 ubuntu systemd[1]: Started Session 3.
Mar 01 20:44:46 ubuntu systemd[1]: Started Session 3.
Mar 01 20:44:46 ubuntu systemd[1]: Started Session 3.
Mar 01 20:44:46 ubuntu systemd[1]: Started Session 3.
Mar 01 20:44:46 ubuntu systemd[1]: Started Session 3.
Mar 01 20:44:46 ubuntu systemd[1]: Started Session 3.
Mar 01 20:44:46 ubuntu error: failed to initialize device
Mar 01 20:44:46 ubuntu systemd[1]: Started Session 3.
Mar 01 20:44:46 ubuntu CRITICAL: kernel panic detected
Mar 01 20:44:46 ubuntu systemd[1]: Started Session 3.
Mar 01 20:44:46 ubuntu CRITICAL: kernel panic detected
Mar 01 20:44:46 ubuntu systemd[1]: Started Session 3.
Mar 01 20:44:46 ubuntu error: failed to initialize device
Mar 01 20:44:46 ubuntu warning: deprecated API usage detected
Mar 01 20:44:46 ubuntu CRITICAL: kernel panic detected
Mar 01 20:44:47 ubuntu error: failed to initialize device
Mar 01 20:44:47 ubuntu CRITICAL: kernel panic detected
Mar 01 20:44:47 ubuntu systemd[1]: Started Session 3.
Mar 01 20:44:47 ubuntu systemd[1]: Started Session 3.
Mar 01 20:44:47 ubuntu systemd[1]: Started Session 3.
Mar 01 20:44:47 ubuntu error: failed to initialize device
Mar 01 20:44:47 ubuntu systemd[1]: Started Session 3.
Mar 01 20:44:47 ubuntu CRITICAL: kernel panic detected
Mar 01 20:44:47 ubuntu CRITICAL: kernel panic detected
Mar 01 20:44:47 ubuntu systemd[1]: Started Session 3.
Mar 01 20:44:47 ubuntu systemd[1]: Started Session 3.
Mar 01 20:44:47 ubuntu error: failed to initialize device
Mar 01 20:44:47 ubuntu error: failed to initialize device
Mar 01 20:44:47 ubuntu systemd[1]: Started Session 3.
Mar 01 20:44:47 ubuntu warning: deprecated API usage detected
Mar 01 20:44:47 ubuntu systemd[1]: Started Session 3.
Mar 01 20:44:47 ubuntu systemd[1]: Started Session 3.
Mar 01 20:44:47 ubuntu systemd[1]: Started Session 3.
Mar 01 20:44:47 ubuntu systemd[1]: Started Session 3.
Mar 01 20:44:47 ubuntu systemd[1]: Started Session 3.
Mar 01 20:44:47 ubuntu systemd[1]: Started Session 3.
Mar 01 20:44:47 ubuntu warning: deprecated API usage detected
Mar 01 20:44:47 ubuntu systemd[1]: Started Session 3.
Mar 01 20:44:47 ubuntu error: failed to initialize device
Mar 01 20:44:47 ubuntu systemd[1]: Started Session 3.
Mar 01 20:44:47 ubuntu systemd[1]: Started Session 3.
Mar 01 20:44:47 ubuntu systemd[1]: Started Session 3.
Mar 01 20:44:47 ubuntu error: failed to initialize device
Mar 01 20:44:47 ubuntu error: failed to initialize device
Mar 01 20:44:47 ubuntu systemd[1]: Started Session 3.
Mar 01 20:44:47 ubuntu warning: deprecated API usage detected
Mar 01 20:44:47 ubuntu warning: deprecated API usage detected
Mar 01 20:44:47 ubuntu warning: deprecated API usage detected
Mar 01 20:44:47 ubuntu error: failed to initialize device
Mar 01 20:44:47 ubuntu systemd[1]: Started Session 3.
Mar 01 20:44:47 ubuntu systemd[1]: Started Session 3.
Mar 01 20:44:47 ubuntu warning: deprecated API usage detected
Mar 01 20:44:47 ubuntu systemd[1]: Started Session 3.
Mar 01 20:44:47 ubuntu error: failed to initialize device
Mar 01 20:44:47 ubuntu systemd[1]: Started Session 3.
Mar 01 20:44:47 ubuntu systemd[1]: Started Session 3.
Mar 01 20:44:47 ubuntu systemd[1]: Started Session 3.
Mar 01 20:44:47 ubuntu systemd[1]: Started Session 3.
Mar 01 20:44:47 ubuntu error: failed to initialize device
Mar 01 20:44:48 ubuntu warning: deprecated API usage detected
Mar 01 20:44:48 ubuntu systemd[1]: Started Session 3.
Mar 01 20:44:48 ubuntu error: failed to initialize device
Mar 01 20:44:48 ubuntu error: failed to initialize device
Mar 01 20:44:48 ubuntu systemd[1]: Started Session 3.
Mar 01 20:44:48 ubuntu error: failed to initialize device
Mar 01 20:44:48 ubuntu warning: deprecated API usage detected
Mar 01 20:44:48 ubuntu systemd[1]: Started Session 3.
Mar 01 20:44:48 ubuntu systemd[1]: Started Session 3.
Mar 01 20:44:48 ubuntu systemd[1]: Started Session 3.
Mar 01 20:44:48 ubuntu error: failed to initialize device
Mar 01 20:44:48 ubuntu systemd[1]: Started Session 3.
Mar 01 20:44:48 ubuntu systemd[1]: Started Session 3.
Mar 01 20:44:48 ubuntu CRITICAL: kernel panic detected
Mar 01 20:44:48 ubuntu systemd[1]: Started Session 3.
Mar 01 20:44:48 ubuntu error: failed to initialize device
Mar 01 20:44:48 ubuntu systemd[1]: Started Session 3.
Mar 01 20:44:48 ubuntu systemd[1]: Started Session 3.
Mar 01 20:44:48 ubuntu systemd[1]: Started Session 3.
Mar 01 20:44:48 ubuntu CRITICAL: kernel panic detected
Mar 01 20:44:48 ubuntu error: failed to initialize device
Mar 01 20:44:48 ubuntu CRITICAL: kernel panic detected
Mar 01 20:44:48 ubuntu CRITICAL: kernel panic detected
Mar 01 20:44:48 ubuntu warning: deprecated API usage detected
Mar 01 20:44:48 ubuntu error: failed to initialize device
Mar 01 20:44:48 ubuntu error: failed to initialize device
Mar 01 20:44:48 ubuntu warning: deprecated API usage detected
Mar 01 20:44:48 ubuntu error: failed to initialize device
Mar 01 20:44:48 ubuntu warning: deprecated API usage detected
Mar 01 20:44:48 ubuntu systemd[1]: Started Session 3.
Mar 01 20:44:48 ubuntu systemd[1]: Started Session 3.
Mar 01 20:44:48 ubuntu systemd[1]: Started Session 3.
Mar 01 20:44:48 ubuntu error: failed to initialize device
Mar 01 20:44:48 ubuntu systemd[1]: Started Session 3.
Mar 01 20:44:48 ubuntu CRITICAL: kernel panic detected
Mar 01 20:44:48 ubuntu systemd[1]: Started Session 3.
Mar 01 20:44:48 ubuntu systemd[1]: Started Session 3.
Mar 01 20:44:48 ubuntu warning: deprecated API usage detected
Mar 01 20:44:48 ubuntu systemd[1]: Started Session 3.
Mar 01 20:44:48 ubuntu systemd[1]: Started Session 3.
Mar 01 20:44:49 ubuntu systemd[1]: Started Session 3.
Mar 01 20:44:49 ubuntu systemd[1]: Started Session 3.
Mar 01 20:44:49 ubuntu systemd[1]: Started Session 3.
Mar 01 20:44:49 ubuntu systemd[1]: Started Session 3.
Mar 01 20:44:49 ubuntu systemd[1]: Started Session 3.
Mar 01 20:44:49 ubuntu systemd[1]: Started Session 3.
Mar 01 20:44:49 ubuntu systemd[1]: Started Session 3.
Mar 01 20:44:49 ubuntu systemd[1]: Started Session 3.
Mar 01 20:44:49 ubuntu systemd[1]: Started Session 3.
Mar 01 20:44:49 ubuntu warning: deprecated API usage detected
Mar 01 20:44:49 ubuntu error: failed to initialize device
Mar 01 20:44:49 ubuntu error: failed to initialize device
Mar 01 20:44:49 ubuntu error: failed to initialize device
Mar 01 20:44:49 ubuntu error: failed to initialize device
Mar 01 20:44:49 ubuntu systemd[1]: Started Session 3.
Mar 01 20:44:49 ubuntu error: failed to initialize device
Mar 01 20:44:49 ubuntu error: failed to initialize device
Mar 01 20:44:49 ubuntu systemd[1]: Started Session 3.
Mar 01 20:44:49 ubuntu error: failed to initialize device
Mar 01 20:44:49 ubuntu systemd[1]: Started Session 3.
Mar 01 20:44:49 ubuntu systemd[1]: Started Session 3.
Mar 01 20:44:49 ubuntu systemd[1]: Started Session 3.
Mar 01 20:44:49 ubuntu systemd[1]: Started Session 3.
Mar 01 20:44:49 ubuntu systemd[1]: Started Session 3.
Mar 01 20:44:49 ubuntu warning: deprecated API usage detected
Mar 01 20:44:49 ubuntu systemd[1]: Started Session 3.
Mar 01 20:44:49 ubuntu systemd[1]: Started Session 3.
Mar 01 20:44:49 ubuntu systemd[1]: Started Session 3.
Mar 01 20:44:49 ubuntu systemd[1]: Started Session 3.
Mar 01 20:44:49 ubuntu systemd[1]: Started Session 3.
Mar 01 20:44:49 ubuntu systemd[1]: Started Session 3.
Mar 01 20:44:49 ubuntu systemd[1]: Started Session 3.
Mar 01 20:44:49 ubuntu systemd[1]: Started Session 3.
Mar 01 20:44:49 ubuntu CRITICAL: kernel panic detected
Mar 01 20:44:49 ubuntu systemd[1]: Started Session 3.
Mar 01 20:44:49 ubuntu systemd[1]: Started Session 3.
Mar 01 20:44:49 ubuntu CRITICAL: kernel panic detected
Mar 01 20:44:49 ubuntu warning: deprecated API usage detected
Mar 01 20:44:49 ubuntu warning: deprecated API usage detected
Mar 01 20:44:49 ubuntu CRITICAL: kernel panic detected
Mar 01 20:44:49 ubuntu systemd[1]: Started Session 3.
Mar 01 20:44:49 ubuntu systemd[1]: Started Session 3.
Mar 01 20:44:49 ubuntu error: failed to initialize device
Mar 01 20:44:49 ubuntu systemd[1]: Started Session 3.
Mar 01 20:44:49 ubuntu systemd[1]: Started Session 3.
Mar 01 20:44:49 ubuntu systemd[1]: Started Session 3.
Mar 01 20:44:49 ubuntu CRITICAL: kernel panic detected
Mar 01 20:44:49 ubuntu systemd[1]: Started Session 3.
Mar 01 20:44:50 ubuntu warning: deprecated API usage detected
Mar 01 20:44:50 ubuntu error: failed to initialize device
Mar 01 20:44:50 ubuntu systemd[1]: Started Session 3.
Mar 01 20:44:50 ubuntu systemd[1]: Started Session 3.
Mar 01 20:44:50 ubuntu systemd[1]: Started Session 3.
Mar 01 20:44:50 ubuntu error: failed to initialize device
Mar 01 20:44:50 ubuntu systemd[1]: Started Session 3.
Mar 01 20:44:50 ubuntu systemd[1]: Started Session 3.
Mar 01 20:44:50 ubuntu systemd[1]: Started Session 3.
Mar 01 20:44:50 ubuntu systemd[1]: Started Session 3.
Mar 01 20:44:50 ubuntu systemd[1]: Started Session 3.
Mar 01 20:44:50 ubuntu systemd[1]: Started Session 3.
Mar 01 20:44:50 ubuntu systemd[1]: Started Session 3.
Mar 01 20:44:50 ubuntu systemd[1]: Started Session 3.
Mar 01 20:44:50 ubuntu error: failed to initialize device
Mar 01 20:44:50 ubuntu systemd[1]: Started Session 3.
Mar 01 20:44:50 ubuntu error: failed to initialize device
Mar 01 20:44:50 ubuntu systemd[1]: Started Session 3.
Mar 01 20:44:50 ubuntu error: failed to initialize device
Mar 01 20:44:50 ubuntu CRITICAL: kernel panic detected
Mar 01 20:44:50 ubuntu systemd[1]: Started Session 3.
Mar 01 20:44:50 ubuntu CRITICAL: kernel panic detected
Mar 01 20:44:50 ubuntu systemd[1]: Started Session 3.
Mar 01 20:44:50 ubuntu systemd[1]: Started Session 3.
Mar 01 20:44:50 ubuntu systemd[1]: Started Session 3.
Mar 01 20:44:50 ubuntu systemd[1]: Started Session 3.
Mar 01 20:44:50 ubuntu systemd[1]: Started Session 3.
Mar 01 20:44:50 ubuntu systemd[1]: Started Session 3.
Mar 01 20:44:50 ubuntu error: failed to initialize device
Mar 01 20:44:50 ubuntu systemd[1]: Started Session 3.
Mar 01 20:44:50 ubuntu systemd[1]: Started Session 3.
Mar 01 20:44:50 ubuntu warning: deprecated API usage detected
Mar 01 20:44:50 ubuntu error: failed to initialize device
Mar 01 20:44:50 ubuntu systemd[1]: Started Session 3.
Mar 01 20:44:50 ubuntu systemd[1]: Started Session 3.
Mar 01 20:44:50 ubuntu systemd[1]: Started Session 3.
Mar 01 20:44:50 ubuntu systemd[1]: Started Session 3.
Mar 01 20:44:50 ubuntu warning: deprecated API usage detected
Mar 01 20:44:50 ubuntu systemd[1]: Started Session 3.
Mar 01 20:44:50 ubuntu systemd[1]: Started Session 3.
Mar 01 20:44:50 ubuntu systemd[1]: Started Session 3.
Mar 01 20:44:50 ubuntu systemd[1]: Started Session 3.
Mar 01 20:44:50 ubuntu systemd[1]: Started Session 3.
Mar 01 20:44:50 ubuntu warning: deprecated API usage detected
Mar 01 20:44:50 ubuntu systemd[1]: Started Session 3.
Mar 01 20:44:50 ubuntu systemd[1]: Started Session 3.
Mar 01 20:44:50 ubuntu systemd[1]: Started Session 3.
Mar 01 20:44:51 ubuntu error: failed to initialize device
Mar 01 20:44:51 ubuntu CRITICAL: kernel panic detected
Mar 01 20:44:51 ubuntu CRITICAL: kernel panic detected
Mar 01 20:44:51 ubuntu systemd[1]: Started Session 3.
Mar 01 20:44:51 ubuntu systemd[1]: Started Session 3.
Mar 01 20:44:51 ubuntu error: failed to initialize device
Mar 01 20:44:51 ubuntu systemd[1]: Started Session 3.
Mar 01 20:44:51 ubuntu systemd[1]: Started Session 3.
Mar 01 20:44:51 ubuntu systemd[1]: Started Session 3.
Mar 01 20:44:51 ubuntu error: failed to initialize device
Mar 01 20:44:51 ubuntu systemd[1]: Started Session 3.
Mar 01 20:44:51 ubuntu systemd[1]: Started Session 3.
Mar 01 20:44:51 ubuntu systemd[1]: Started Session 3.
Mar 01 20:44:51 ubuntu systemd[1]: Started Session 3.
Mar 01 20:44:51 ubuntu CRITICAL: kernel panic detected
Mar 01 20:44:51 ubuntu error: failed to initialize device
Mar 01 20:44:51 ubuntu warning: deprecated API usage detected
Mar 01 20:44:51 ubuntu systemd[1]: Started Session 3.
Mar 01 20:44:51 ubuntu warning: deprecated API usage detected
Mar 01 20:44:51 ubuntu error: failed to initialize device
Mar 01 20:44:51 ubuntu systemd[1]: Started Session 3.
Mar 01 20:44:51 ubuntu error: failed to initialize device
Mar 01 20:44:51 ubuntu warning: deprecated API usage detected
Mar 01 20:44:51 ubuntu systemd[1]: Started Session 3.
Mar 01 20:44:51 ubuntu systemd[1]: Started Session 3.
Mar 01 20:44:51 ubuntu systemd[1]: Started Session 3.
Mar 01 20:44:51 ubuntu warning: deprecated API usage detected
Mar 01 20:44:51 ubuntu systemd[1]: Started Session 3.
Mar 01 20:44:51 ubuntu systemd[1]: Started Session 3.
Mar 01 20:44:51 ubuntu systemd[1]: Started Session 3.
Mar 01 20:44:51 ubuntu systemd[1]: Started Session 3.
Mar 01 20:44:51 ubuntu systemd[1]: Started Session 3.
Mar 01 20:44:51 ubuntu error: failed to initialize device
Mar 01 20:44:51 ubuntu systemd[1]: Started Session 3.
Mar 01 20:44:51 ubuntu systemd[1]: Started Session 3.
Mar 01 20:44:51 ubuntu systemd[1]: Started Session 3.
Mar 01 20:44:51 ubuntu systemd[1]: Started Session 3.
Mar 01 20:44:51 ubuntu error: failed to initialize device
Mar 01 20:44:51 ubuntu CRITICAL: kernel panic detected
Mar 01 20:44:51 ubuntu systemd[1]: Started Session 3.
Mar 01 20:44:51 ubuntu systemd[1]: Started Session 3.
Mar 01 20:44:51 ubuntu systemd[1]: Started Session 3.
Mar 01 20:44:51 ubuntu systemd[1]: Started Session 3.
Mar 01 20:44:51 ubuntu systemd[1]: Started Session 3.
Mar 01 20:44:51 ubuntu warning: deprecated API usage detected
Mar 01 20:44:51 ubuntu error: failed to initialize device
Mar 01 20:44:51 ubuntu error: failed to initialize device
Mar 01 20:44:51 ubuntu CRITICAL: kernel panic detected
Mar 01 20:44:52 ubuntu systemd[1]: Started Session 3.
Mar 01 20:44:52 ubuntu systemd[1]: Started Session 3.
Mar 01 20:44:52 ubuntu systemd[1]: Started Session 3.
Mar 01 20:44:52 ubuntu systemd[1]: Started Session 3.
Mar 01 20:44:52 ubuntu systemd[1]: Started Session 3.
Mar 01 20:44:52 ubuntu systemd[1]: Started Session 3.
Mar 01 20:44:52 ubuntu systemd[1]: Started Session 3.
Mar 01 20:44:52 ubuntu systemd[1]: Started Session 3.
Mar 01 20:44:52 ubuntu systemd[1]: Started Session 3.
Mar 01 20:44:52 ubuntu warning: deprecated API usage detected
Mar 01 20:44:52 ubuntu error: failed to initialize device
Mar 01 20:44:52 ubuntu systemd[1]: Started Session 3.
Mar 01 20:44:52 ubuntu error: failed to initialize device
Mar 01 20:44:52 ubuntu systemd[1]: Started Session 3.
Mar 01 20:44:52 ubuntu warning: deprecated API usage detected
Mar 01 20:44:52 ubuntu systemd[1]: Started Session 3.
Mar 01 20:44:52 ubuntu error: failed to initialize device
Mar 01 20:44:52 ubuntu systemd[1]: Started Session 3.
Mar 01 20:44:52 ubuntu warning: deprecated API usage detected
Mar 01 20:44:52 ubuntu systemd[1]: Started Session 3.
Mar 01 20:44:52 ubuntu warning: deprecated API usage detected
Mar 01 20:44:52 ubuntu error: failed to initialize device
Mar 01 20:44:52 ubuntu systemd[1]: Started Session 3.
Mar 01 20:44:52 ubuntu systemd[1]: Started Session 3.
Mar 01 20:44:52 ubuntu systemd[1]: Started Session 3.
Mar 01 20:44:52 ubuntu systemd[1]: Started Session 3.
Mar 01 20:44:52 ubuntu warning: deprecated API usage detected
Mar 01 20:44:52 ubuntu systemd[1]: Started Session 3.
Mar 01 20:44:52 ubuntu systemd[1]: Started Session 3.
Mar 01 20:44:52 ubuntu systemd[1]: Started Session 3.
Mar 01 20:44:52 ubuntu error: failed to initialize device
Mar 01 20:44:52 ubuntu warning: deprecated API usage detected
Mar 01 20:44:52 ubuntu systemd[1]: Started Session 3.
Mar 01 20:44:52 ubuntu systemd[1]: Started Session 3.
Mar 01 20:44:52 ubuntu warning: deprecated API usage detected
Mar 01 20:44:52 ubuntu systemd[1]: Started Session 3.
Mar 01 20:44:52 ubuntu systemd[1]: Started Session 3.
Mar 01 20:44:52 ubuntu warning: deprecated API usage detected
Mar 01 20:44:52 ubuntu error: failed to initialize device
Mar 01 20:44:52 ubuntu systemd[1]: Started Session 3.
Mar 01 20:44:52 ubuntu warning: deprecated API usage detected
Mar 01 20:44:52 ubuntu systemd[1]: Started Session 3.
Mar 01 20:44:52 ubuntu systemd[1]: Started Session 3.
Mar 01 20:44:52 ubuntu systemd[1]: Started Session 3.
Mar 01 20:44:52 ubuntu systemd[1]: Started Session 3.
Mar 01 20:44:52 ubuntu systemd[1]: Started Session 3.
Mar 01 20:44:52 ubuntu error: failed to initialize device
Mar 01 20:44:52 ubuntu systemd[1]: Started Session 3.
Mar 01 20:44:53 ubuntu error: failed to initialize device
Mar 01 20:44:53 ubuntu systemd[1]: Started Session 3.
Mar 01 20:44:53 ubuntu systemd[1]: Started Session 3.
Mar 01 20:44:53 ubuntu error: failed to initialize device
Mar 01 20:44:53 ubuntu systemd[1]: Started Session 3.
Mar 01 20:44:53 ubuntu error: failed to initialize device
Mar 01 20:44:53 ubuntu systemd[1]: Started Session 3.
Mar 01 20:44:53 ubuntu systemd[1]: Started Session 3.
Mar 01 20:44:53 ubuntu error: failed to initialize device
Mar 01 20:44:53 ubuntu error: failed to initialize device
Mar 01 20:44:53 ubuntu systemd[1]: Started Session 3.
Mar 01 20:44:53 ubuntu error: failed to initialize device
Mar 01 20:44:53 ubuntu error: failed to initialize device
Mar 01 20:44:53 ubuntu systemd[1]: Started Session 3.
Mar 01 20:44:53 ubuntu systemd[1]: Started Session 3.
Mar 01 20:44:53 ubuntu systemd[1]: Started Session 3.
Mar 01 20:44:53 ubuntu systemd[1]: Started Session 3.
Mar 01 20:44:53 ubuntu systemd[1]: Started Session 3.
Mar 01 20:44:53 ubuntu CRITICAL: kernel panic detected
Mar 01 20:44:53 ubuntu systemd[1]: Started Session 3.
Mar 01 20:44:53 ubuntu systemd[1]: Started Session 3.
Mar 01 20:44:53 ubuntu error: failed to initialize device
Mar 01 20:44:53 ubuntu systemd[1]: Started Session 3.
Mar 01 20:44:53 ubuntu systemd[1]: Started Session 3.
Mar 01 20:44:53 ubuntu systemd[1]: Started Session 3.
Mar 01 20:44:53 ubuntu systemd[1]: Started Session 3.
Mar 01 20:44:53 ubuntu error: failed to initialize device
Mar 01 20:44:53 ubuntu systemd[1]: Started Session 3.
Mar 01 20:44:53 ubuntu CRITICAL: kernel panic detected
Mar 01 20:44:53 ubuntu error: failed to initialize device
Mar 01 20:44:53 ubuntu systemd[1]: Started Session 3.
Mar 01 20:44:53 ubuntu systemd[1]: Started Session 3.
Mar 01 20:44:53 ubuntu warning: deprecated API usage detected
Mar 01 20:44:53 ubuntu systemd[1]: Started Session 3.
Mar 01 20:44:53 ubuntu warning: deprecated API usage detected
Mar 01 20:44:53 ubuntu error: failed to initialize device
Mar 01 20:44:53 ubuntu systemd[1]: Started Session 3.
Mar 01 20:44:53 ubuntu systemd[1]: Started Session 3.
Mar 01 20:44:53 ubuntu error: failed to initialize device
Mar 01 20:44:53 ubuntu systemd[1]: Started Session 3.
Mar 01 20:44:53 ubuntu warning: deprecated API usage detected
Mar 01 20:44:53 ubuntu systemd[1]: Started Session 3.
Mar 01 20:44:53 ubuntu error: failed to initialize device
Mar 01 20:44:53 ubuntu systemd[1]: Started Session 3.
Mar 01 20:44:53 ubuntu systemd[1]: Started Session 3.
Mar 01 20:44:53 ubuntu systemd[1]: Started Session 3.
Mar 01 20:44:53 ubuntu CRITICAL: kernel panic detected
Mar 01 20:44:54 ubuntu systemd[1]: Started Session 3.
Mar 01 20:44:54 ubuntu systemd[1]: Started Session 3.
Mar 01 20:44:54 ubuntu systemd[1]: Started Session 3.
Mar 01 20:44:54 ubuntu error: failed to initialize device
Mar 01 20:44:54 ubuntu error: failed to initialize device
Mar 01 20:44:54 ubuntu warning: deprecated API usage detected
Mar 01 20:44:54 ubuntu error: failed to initialize device
Mar 01 20:44:54 ubuntu systemd[1]: Started Session 3.
Mar 01 20:44:54 ubuntu systemd[1]: Started Session 3.
Mar 01 20:44:54 ubuntu CRITICAL: kernel panic detected
Mar 01 20:44:54 ubuntu systemd[1]: Started Session 3.
Mar 01 20:44:54 ubuntu systemd[1]: Started Session 3.
Mar 01 20:44:54 ubuntu CRITICAL: kernel panic detected
Mar 01 20:44:54 ubuntu error: failed to initialize device
Mar 01 20:44:54 ubuntu systemd[1]: Started Session 3.
Mar 01 20:44:54 ubuntu error: failed to initialize device
Mar 01 20:44:54 ubuntu systemd[1]: Started Session 3.
Mar 01 20:44:54 ubuntu warning: deprecated API usage detected
Mar 01 20:44:54 ubuntu systemd[1]: Started Session 3.
Mar 01 20:44:54 ubuntu systemd[1]: Started Session 3.
Mar 01 20:44:54 ubuntu error: failed to initialize device
Mar 01 20:44:54 ubuntu systemd[1]: Started Session 3.
Mar 01 20:44:54 ubuntu error: failed to initialize device
Mar 01 20:44:54 ubuntu systemd[1]: Started Session 3.
Mar 01 20:44:54 ubuntu systemd[1]: Started Session 3.
Mar 01 20:44:54 ubuntu systemd[1]: Started Session 3.
Mar 01 20:44:54 ubuntu error: failed to initialize device
Mar 01 20:44:54 ubuntu systemd[1]: Started Session 3.
Mar 01 20:44:54 ubuntu systemd[1]: Started Session 3.
Mar 01 20:44:54 ubuntu systemd[1]: Started Session 3.
Mar 01 20:44:54 ubuntu CRITICAL: kernel panic detected
Mar 01 20:44:54 ubuntu systemd[1]: Started Session 3.
Mar 01 20:44:54 ubuntu warning: deprecated API usage detected
Mar 01 20:44:54 ubuntu systemd[1]: Started Session 3.
Mar 01 20:44:54 ubuntu systemd[1]: Started Session 3.
Mar 01 20:44:54 ubuntu systemd[1]: Started Session 3.
Mar 01 20:44:54 ubuntu systemd[1]: Started Session 3.
Mar 01 20:44:54 ubuntu systemd[1]: Started Session 3.
Mar 01 20:44:54 ubuntu warning: deprecated API usage detected
Mar 01 20:44:54 ubuntu CRITICAL: kernel panic detected
Mar 01 20:44:54 ubuntu systemd[1]: Started Session 3.
Mar 01 20:44:54 ubuntu warning: deprecated API usage detected
Mar 01 20:44:54 ubuntu warning: deprecated API usage detected
Mar 01 20:44:54 ubuntu systemd[1]: Started Session 3.
Mar 01 20:44:54 ubuntu systemd[1]: Started Session 3.
Mar 01 20:44:54 ubuntu CRITICAL: kernel panic detected
Mar 01 20:44:54 ubuntu systemd[1]: Started Session 3.
Mar 01 20:44:54 ubuntu warning: deprecated API usage detected
Mar 01 20:44:55 ubuntu systemd[1]: Started Session 3.
Mar 01 20:44:55 ubuntu CRITICAL: kernel panic detected
Mar 01 20:44:55 ubuntu systemd[1]: Started Session 3.
Mar 01 20:44:55 ubuntu systemd[1]: Started Session 3.
Mar 01 20:44:55 ubuntu systemd[1]: Started Session 3.
Mar 01 20:44:55 ubuntu systemd[1]: Started Session 3.
Mar 01 20:44:55 ubuntu warning: deprecated API usage detected
Mar 01 20:44:55 ubuntu CRITICAL: kernel panic detected
Mar 01 20:44:55 ubuntu warning: deprecated API usage detected
Mar 01 20:44:55 ubuntu error: failed to initialize device
Mar 01 20:44:55 ubuntu systemd[1]: Started Session 3.
Mar 01 20:44:55 ubuntu systemd[1]: Started Session 3.
Mar 01 20:44:55 ubuntu CRITICAL: kernel panic detected
Mar 01 20:44:55 ubuntu systemd[1]: Started Session 3.
Mar 01 20:44:55 ubuntu systemd[1]: Started Session 3.
Mar 01 20:44:55 ubuntu systemd[1]: Started Session 3.
Mar 01 20:44:55 ubuntu warning: deprecated API usage detected
Mar 01 20:44:55 ubuntu systemd[1]: Started Session 3.
Mar 01 20:44:55 ubuntu systemd[1]: Started Session 3.
Mar 01 20:44:55 ubuntu systemd[1]: Started Session 3.
Mar 01 20:44:55 ubuntu systemd[1]: Started Session 3.
Mar 01 20:44:55 ubuntu systemd[1]: Started Session 3.
Mar 01 20:44:55 ubuntu systemd[1]: Started Session 3.
Mar 01 20:44:55 ubuntu systemd[1]: Started Session 3.
Mar 01 20:44:55 ubuntu systemd[1]: Started Session 3.
Mar 01 20:44:55 ubuntu CRITICAL: kernel panic detected
Mar 01 20:44:55 ubuntu error: failed to initialize device
Mar 01 20:44:55 ubuntu systemd[1]: Started Session 3.
Mar 01 20:44:55 ubuntu error: failed to initialize device
Mar 01 20:44:55 ubuntu systemd[1]: Started Session 3.
Mar 01 20:44:55 ubuntu systemd[1]: Started Session 3.
Mar 01 20:44:55 ubuntu systemd[1]: Started Session 3.
Mar 01 20:44:55 ubuntu error: failed to initialize device
Mar 01 20:44:55 ubuntu systemd[1]: Started Session 3.
Mar 01 20:44:55 ubuntu error: failed to initialize device
Mar 01 20:44:55 ubuntu warning: deprecated API usage detected
Mar 01 20:44:55 ubuntu warning: deprecated API usage detected
Mar 01 20:44:55 ubuntu systemd[1]: Started Session 3.
Mar 01 20:44:55 ubuntu systemd[1]: Started Session 3.
Mar 01 20:44:55 ubuntu systemd[1]: Started Session 3.
Mar 01 20:44:55 ubuntu systemd[1]: Started Session 3.
Mar 01 20:44:55 ubuntu systemd[1]: Started Session 3.
Mar 01 20:44:55 ubuntu error: failed to initialize device
Mar 01 20:44:55 ubuntu systemd[1]: Started Session 3.
Mar 01 20:44:55 ubuntu systemd[1]: Started Session 3.
Mar 01 20:44:55 ubuntu warning: deprecated API usage detected
Mar 01 20:44:55 ubuntu systemd[1]: Started Session 3.
Mar 01 20:44:56 ubuntu error: failed to initialize device
Mar 01 20:44:56 ubuntu error: failed to initialize device
Mar 01 20:44:56 ubuntu warning: deprecated API usage detected
Mar 01 20:44:56 ubuntu CRITICAL: kernel panic detected
Mar 01 20:44:56 ubuntu CRITICAL: kernel panic detected
Mar 01 20:44:56 ubuntu systemd[1]: Started Session 3.
Mar 01 20:44:56 ubuntu systemd[1]: Started Session 3.
Mar 01 20:44:56 ubuntu error: failed to initialize device
Mar 01 20:44:56 ubuntu systemd[1]: Started Session 3.
Mar 01 20:44:56 ubuntu systemd[1]: Started Session 3.
Mar 01 20:44:56 ubuntu systemd[1]: Started Session 3.
Mar 01 20:44:56 ubuntu warning: deprecated API usage detected
Mar 01 20:44:56 ubuntu systemd[1]: Started Session 3.
Mar 01 20:44:56 ubuntu systemd[1]: Started Session 3.
Mar 01 20:44:56 ubuntu error: failed to initialize device
Mar 01 20:44:56 ubuntu systemd[1]: Started Session 3.
Mar 01 20:44:56 ubuntu systemd[1]: Started Session 3.
Mar 01 20:44:56 ubuntu warning: deprecated API usage detected
Mar 01 20:44:56 ubuntu systemd[1]: Started Session 3.
Mar 01 20:44:56 ubuntu systemd[1]: Started Session 3.
Mar 01 20:44:56 ubuntu systemd[1]: Started Session 3.
Mar 01 20:44:56 ubuntu CRITICAL: kernel panic detected
Mar 01 20:44:56 ubuntu systemd[1]: Started Session 3.
Mar 01 20:44:56 ubuntu warning: deprecated API usage detected
Mar 01 20:44:56 ubuntu systemd[1]: Started Session 3.
Mar 01 20:44:56 ubuntu systemd[1]: Started Session 3.
Mar 01 20:44:56 ubuntu systemd[1]: Started Session 3.
Mar 01 20:44:56 ubuntu systemd[1]: Started Session 3.
Mar 01 20:44:56 ubuntu warning: deprecated API usage detected
Mar 01 20:44:56 ubuntu systemd[1]: Started Session 3.
Mar 01 20:44:56 ubuntu systemd[1]: Started Session 3.
Mar 01 20:44:56 ubuntu error: failed to initialize device
Mar 01 20:44:56 ubuntu systemd[1]: Started Session 3.
Mar 01 20:44:56 ubuntu systemd[1]: Started Session 3.
Mar 01 20:44:56 ubuntu systemd[1]: Started Session 3.
Mar 01 20:44:56 ubuntu systemd[1]: Started Session 3.
Mar 01 20:44:56 ubuntu systemd[1]: Started Session 3.
Mar 01 20:44:56 ubuntu systemd[1]: Started Session 3.
Mar 01 20:44:56 ubuntu systemd[1]: Started Session 3.
Mar 01 20:44:56 ubuntu CRITICAL: kernel panic detected
Mar 01 20:44:56 ubuntu error: failed to initialize device
Mar 01 20:44:56 ubuntu error: failed to initialize device
Mar 01 20:44:56 ubuntu CRITICAL: kernel panic detected
Mar 01 20:44:56 ubuntu systemd[1]: Started Session 3.
Mar 01 20:44:56 ubuntu systemd[1]: Started Session 3.
Mar 01 20:44:56 ubuntu systemd[1]: Started Session 3.
Mar 01 20:44:56 ubuntu systemd[1]: Started Session 3.
Mar 01 20:44:56 ubuntu systemd[1]: Started Session 3.
Mar 01 20:44:57 ubuntu systemd[1]: Started Session 3.
Mar 01 20:44:57 ubuntu systemd[1]: Started Session 3.
Mar 01 20:44:57 ubuntu warning: deprecated API usage detected
Mar 01 20:44:57 ubuntu warning: deprecated API usage detected
Mar 01 20:44:57 ubuntu systemd[1]: Started Session 3.
Mar 01 20:44:57 ubuntu CRITICAL: kernel panic detected
Mar 01 20:44:57 ubuntu systemd[1]: Started Session 3.
Mar 01 20:44:57 ubuntu error: failed to initialize device
Mar 01 20:44:57 ubuntu systemd[1]: Started Session 3.
Mar 01 20:44:57 ubuntu warning: deprecated API usage detected
Mar 01 20:44:57 ubuntu systemd[1]: Started Session 3.
Mar 01 20:44:57 ubuntu systemd[1]: Started Session 3.
Mar 01 20:44:57 ubuntu systemd[1]: Started Session 3.
Mar 01 20:44:57 ubuntu error: failed to initialize device
Mar 01 20:44:57 ubuntu warning: deprecated API usage detected
Mar 01 20:44:57 ubuntu error: failed to initialize device
Mar 01 20:44:57 ubuntu systemd[1]: Started Session 3.
Mar 01 20:44:57 ubuntu warning: deprecated API usage detected
Mar 01 20:44:57 ubuntu error: failed to initialize device
Mar 01 20:44:57 ubuntu error: failed to initialize device
Mar 01 20:44:57 ubuntu systemd[1]: Started Session 3.
Mar 01 20:44:57 ubuntu systemd[1]: Started Session 3.
Mar 01 20:44:57 ubuntu warning: deprecated API usage detected
Mar 01 20:44:57 ubuntu warning: deprecated API usage detected
Mar 01 20:44:57 ubuntu systemd[1]: Started Session 3.
Mar 01 20:44:57 ubuntu warning: deprecated API usage detected
Mar 01 20:44:57 ubuntu systemd[1]: Started Session 3.
Mar 01 20:44:57 ubuntu CRITICAL: kernel panic detected
Mar 01 20:44:57 ubuntu systemd[1]: Started Session 3.
Mar 01 20:44:57 ubuntu error: failed to initialize device
Mar 01 20:44:57 ubuntu warning: deprecated API usage detected
Mar 01 20:44:57 ubuntu systemd[1]: Started Session 3.
Mar 01 20:44:57 ubuntu warning: deprecated API usage detected
Mar 01 20:44:57 ubuntu systemd[1]: Started Session 3.
Mar 01 20:44:57 ubuntu warning: deprecated API usage detected
Mar 01 20:44:57 ubuntu CRITICAL: kernel panic detected
Mar 01 20:44:57 ubuntu systemd[1]: Started Session 3.
Mar 01 20:44:57 ubuntu warning: deprecated API usage detected
Mar 01 20:44:57 ubuntu systemd[1]: Started Session 3.
Mar 01 20:44:57 ubuntu systemd[1]: Started Session 3.
Mar 01 20:44:57 ubuntu CRITICAL: kernel panic detected
Mar 01 20:44:57 ubuntu warning: deprecated API usage detected
Mar 01 20:44:57 ubuntu error: failed to initialize device
Mar 01 20:44:57 ubuntu warning: deprecated API usage detected
Mar 01 20:44:57 ubuntu systemd[1]: Started Session 3.
Mar 01 20:44:57 ubuntu warning: deprecated API usage detected
Mar 01 20:44:57 ubuntu CRITICAL: kernel panic detected
Mar 01 20:44:58 ubuntu error: failed to initialize device
Mar 01 20:44:58 ubuntu error: failed to initialize device
Mar 01 20:44:58 ubuntu error: failed to initialize device
Mar 01 20:44:58 ubuntu systemd[1]: Started Session 3.
Mar 01 20:44:58 ubuntu systemd[1]: Started Session 3.
Mar 01 20:44:58 ubuntu warning: deprecated API usage detected
Mar 01 20:44:58 ubuntu systemd[1]: Started Session 3.
Mar 01 20:44:58 ubuntu systemd[1]: Started Session 3.
Mar 01 20:44:58 ubuntu systemd[1]: Started Session 3.
Mar 01 20:44:58 ubuntu error: failed to initialize device
Mar 01 20:44:58 ubuntu systemd[1]: Started Session 3.
Mar 01 20:44:58 ubuntu systemd[1]: Started Session 3.
Mar 01 20:44:58 ubuntu CRITICAL: kernel panic detected
Mar 01 20:44:58 ubuntu systemd[1]: Started Session 3.
Mar 01 20:44:58 ubuntu error: failed to initialize device
Mar 01 20:44:58 ubuntu systemd[1]: Started Session 3.
Mar 01 20:44:58 ubuntu systemd[1]: Started Session 3.
Mar 01 20:44:58 ubuntu error: failed to initialize device
Mar 01 20:44:58 ubuntu systemd[1]: Started Session 3.
Mar 01 20:44:58 ubuntu error: failed to initialize device
Mar 01 20:44:58 ubuntu warning: deprecated API usage detected
Mar 01 20:44:58 ubuntu systemd[1]: Started Session 3.
Mar 01 20:44:58 ubuntu CRITICAL: kernel panic detected
Mar 01 20:44:58 ubuntu systemd[1]: Started Session 3.
Mar 01 20:44:58 ubuntu systemd[1]: Started Session 3.
Mar 01 20:44:58 ubuntu systemd[1]: Started Session 3.
Mar 01 20:44:58 ubuntu error: failed to initialize device
Mar 01 20:44:58 ubuntu systemd[1]: Started Session 3.
Mar 01 20:44:58 ubuntu systemd[1]: Started Session 3.
Mar 01 20:44:58 ubuntu systemd[1]: Started Session 3.
Mar 01 20:44:58 ubuntu error: failed to initialize device
Mar 01 20:44:58 ubuntu warning: deprecated API usage detected
Mar 01 20:44:58 ubuntu warning: deprecated API usage detected
Mar 01 20:44:58 ubuntu systemd[1]: Started Session 3.
Mar 01 20:44:58 ubuntu warning: deprecated API usage detected
Mar 01 20:44:58 ubuntu systemd[1]: Started Session 3.
Mar 01 20:44:58 ubuntu error: failed to initialize device
Mar 01 20:44:58 ubuntu systemd[1]: Started Session 3.
Mar 01 20:44:58 ubuntu systemd[1]: Started Session 3.
Mar 01 20:44:58 ubuntu error: failed to initialize device
Mar 01 20:44:58 ubuntu systemd[1]: Started Session 3.
Mar 01 20:44:58 ubuntu systemd[1]: Started Session 3.
